<?xml version="1.0" encoding="utf-8"?><testsuites name="pytest tests"><testsuite name="pytest" errors="0" failures="0" skipped="0" tests="19" time="0.125" timestamp="2026-02-01T10:20:11.300250-07:00" hostname="Jareds-MacBook-Pro.local"><testcase classname="test.test_cli" name="test_parse_cli_args" time="0.002" /><testcase classname="test.test_main" name="test_run" time="0.008" /><testcase classname="test.test_main" name="test_main_setup" time="0.003" /><testcase classname="test.test_storage_service" name="test_storage_service_init" time="0.001" /><testcase classname="test.test_storage_service" name="test_get_now_timestamp" time="0.001" /><testcase classname="test.test_storage_service" name="test_create_run_log" time="0.001" /><testcase classname="test.test_storage_service" name="test_create_target_file_path" time="0.002" /><testcase classname="test.test_storage_service" name="test_save_json_to_gz" time="0.002" /><testcase classname="test.test_youtube_api" name="test_youtube_api_init" time="0.001" /><testcase classname="test.test_youtube_api" name="test_youtube_api_get_channel_info" time="0.001" /><testcase classname="test.test_youtube_api" name="test_extract_channel_uploads_playlist_id" time="0.001" /><testcase classname="test.test_youtube_api" name="test_youtube_api_get_channel_playlist_items" time="0.002" /><testcase classname="test.test_youtube_client" name="test_youtube_client_init" time="0.002" /><testcase classname="test.test_youtube_service" name="test_youtube_service_init" time="0.001" /><testcase classname="test.test_youtube_service" name="test_get_channel_info" time="0.001" /><testcase classname="test.test_youtube_service" name="test_extract_channel_uploads_playlist_id" time="0.001" /><testcase classname="test.test_youtube_service" name="test_fetch_next_playlist_items" time="0.001" /><testcase classname="test.test_youtube_service" name="test_yield_all_playlist_items" time="0.001" /><testcase classname="test.test_youtube_service" name="test_paginate_all_playlist_items" time="0.001" /></testsuite></testsuites>